{"prod/js/main.js":{"b":{},"branchMap":{},"f":{"1":1,"2":1,"3":1,"4":1,"5":0},"fnMap":{"1":{"line":1,"loc":{"end":{"column":12,"line":1},"start":{"column":1,"line":1}},"name":"(anonymous_1)"},"2":{"line":2,"loc":{"end":{"column":13,"line":2},"start":{"column":3,"line":2}},"name":"(anonymous_2)"},"3":{"line":3,"loc":{"end":{"column":25,"line":3},"start":{"column":15,"line":3}},"name":"(anonymous_3)"},"4":{"line":8,"loc":{"end":{"column":13,"line":8},"start":{"column":3,"line":8}},"name":"(anonymous_4)"},"5":{"line":9,"loc":{"end":{"column":27,"line":9},"start":{"column":17,"line":9}},"name":"(anonymous_5)"}},"path":"prod/js/main.js","s":{"1":1,"2":1,"3":1,"4":1,"5":1,"6":1,"7":0},"statementMap":{"1":{"end":{"column":11,"line":13},"start":{"column":0,"line":1}},"2":{"end":{"column":4,"line":6},"start":{"column":1,"line":2}},"3":{"end":{"column":5,"line":5},"start":{"column":2,"line":3}},"4":{"end":{"column":75,"line":4},"start":{"column":3,"line":4}},"5":{"end":{"column":3,"line":12},"start":{"column":1,"line":8}},"6":{"end":{"column":5,"line":11},"start":{"column":2,"line":9}},"7":{"end":{"column":43,"line":10},"start":{"column":3,"line":10}}}}}